2016-02-19 14:04:13,200 INFO org.apache.hadoop.hdfs.server.namenode.SecondaryNameNode: STARTUP_MSG: 
/************************************************************
STARTUP_MSG: Starting SecondaryNameNode
STARTUP_MSG:   host = ubuntu/127.0.1.1
STARTUP_MSG:   args = []
STARTUP_MSG:   version = 2.6.4
STARTUP_MSG:   classpath = /home/jon/.hadoop:/usr/local/hadoop-2.6.4/share/hadoop/common/lib/jaxb-impl-2.2.3-1.jar:/usr/local/hadoop-2.6.4/share/hadoop/common/lib/commons-collections-3.2.2.jar:/usr/local/hadoop-2.6.4/share/hadoop/common/lib/jackson-core-asl-1.9.13.jar:/usr/local/hadoop-2.6.4/share/hadoop/common/lib/commons-lang-2.6.jar:/usr/local/hadoop-2.6.4/share/hadoop/common/lib/activation-1.1.jar:/usr/local/hadoop-2.6.4/share/hadoop/common/lib/curator-framework-2.6.0.jar:/usr/local/hadoop-2.6.4/share/hadoop/common/lib/snappy-java-1.0.4.1.jar:/usr/local/hadoop-2.6.4/share/hadoop/common/lib/commons-configuration-1.6.jar:/usr/local/hadoop-2.6.4/share/hadoop/common/lib/jersey-json-1.9.jar:/usr/local/hadoop-2.6.4/share/hadoop/common/lib/hadoop-auth-2.6.4.jar:/usr/local/hadoop-2.6.4/share/hadoop/common/lib/jets3t-0.9.0.jar:/usr/local/hadoop-2.6.4/share/hadoop/common/lib/netty-3.6.2.Final.jar:/usr/local/hadoop-2.6.4/share/hadoop/common/lib/api-util-1.0.0-M20.jar:/usr/local/hadoop-2.6.4/share/hadoop/common/lib/avro-1.7.4.jar:/usr/local/hadoop-2.6.4/share/hadoop/common/lib/paranamer-2.3.jar:/usr/local/hadoop-2.6.4/share/hadoop/common/lib/api-asn1-api-1.0.0-M20.jar:/usr/local/hadoop-2.6.4/share/hadoop/common/lib/commons-math3-3.1.1.jar:/usr/local/hadoop-2.6.4/share/hadoop/common/lib/commons-io-2.4.jar:/usr/local/hadoop-2.6.4/share/hadoop/common/lib/java-xmlbuilder-0.4.jar:/usr/local/hadoop-2.6.4/share/hadoop/common/lib/xmlenc-0.52.jar:/usr/local/hadoop-2.6.4/share/hadoop/common/lib/jetty-util-6.1.26.jar:/usr/local/hadoop-2.6.4/share/hadoop/common/lib/jackson-jaxrs-1.9.13.jar:/usr/local/hadoop-2.6.4/share/hadoop/common/lib/commons-el-1.0.jar:/usr/local/hadoop-2.6.4/share/hadoop/common/lib/commons-logging-1.1.3.jar:/usr/local/hadoop-2.6.4/share/hadoop/common/lib/jersey-server-1.9.jar:/usr/local/hadoop-2.6.4/share/hadoop/common/lib/commons-net-3.1.jar:/usr/local/hadoop-2.6.4/share/hadoop/common/lib/slf4j-log4j12-1.7.5.jar:/usr/local/hadoop-2.6.4/share/hadoop/common/lib/jasper-runtime-5.5.23.jar:/usr/local/hadoop-2.6.4/share/hadoop/common/lib/curator-recipes-2.6.0.jar:/usr/local/hadoop-2.6.4/share/hadoop/common/lib/servlet-api-2.5.jar:/usr/local/hadoop-2.6.4/share/hadoop/common/lib/apacheds-kerberos-codec-2.0.0-M15.jar:/usr/local/hadoop-2.6.4/share/hadoop/common/lib/jsch-0.1.42.jar:/usr/local/hadoop-2.6.4/share/hadoop/common/lib/commons-codec-1.4.jar:/usr/local/hadoop-2.6.4/share/hadoop/common/lib/xz-1.0.jar:/usr/local/hadoop-2.6.4/share/hadoop/common/lib/slf4j-api-1.7.5.jar:/usr/local/hadoop-2.6.4/share/hadoop/common/lib/zookeeper-3.4.6.jar:/usr/local/hadoop-2.6.4/share/hadoop/common/lib/hamcrest-core-1.3.jar:/usr/local/hadoop-2.6.4/share/hadoop/common/lib/curator-client-2.6.0.jar:/usr/local/hadoop-2.6.4/share/hadoop/common/lib/commons-beanutils-1.7.0.jar:/usr/local/hadoop-2.6.4/share/hadoop/common/lib/jaxb-api-2.2.2.jar:/usr/local/hadoop-2.6.4/share/hadoop/common/lib/htrace-core-3.0.4.jar:/usr/local/hadoop-2.6.4/share/hadoop/common/lib/asm-3.2.jar:/usr/local/hadoop-2.6.4/share/hadoop/common/lib/commons-httpclient-3.1.jar:/usr/local/hadoop-2.6.4/share/hadoop/common/lib/httpclient-4.2.5.jar:/usr/local/hadoop-2.6.4/share/hadoop/common/lib/jersey-core-1.9.jar:/usr/local/hadoop-2.6.4/share/hadoop/common/lib/jettison-1.1.jar:/usr/local/hadoop-2.6.4/share/hadoop/common/lib/apacheds-i18n-2.0.0-M15.jar:/usr/local/hadoop-2.6.4/share/hadoop/common/lib/jasper-compiler-5.5.23.jar:/usr/local/hadoop-2.6.4/share/hadoop/common/lib/mockito-all-1.8.5.jar:/usr/local/hadoop-2.6.4/share/hadoop/common/lib/jackson-xc-1.9.13.jar:/usr/local/hadoop-2.6.4/share/hadoop/common/lib/commons-digester-1.8.jar:/usr/local/hadoop-2.6.4/share/hadoop/common/lib/gson-2.2.4.jar:/usr/local/hadoop-2.6.4/share/hadoop/common/lib/jackson-mapper-asl-1.9.13.jar:/usr/local/hadoop-2.6.4/share/hadoop/common/lib/jsp-api-2.1.jar:/usr/local/hadoop-2.6.4/share/hadoop/common/lib/jsr305-1.3.9.jar:/usr/local/hadoop-2.6.4/share/hadoop/common/lib/stax-api-1.0-2.jar:/usr/local/hadoop-2.6.4/share/hadoop/common/lib/guava-11.0.2.jar:/usr/local/hadoop-2.6.4/share/hadoop/common/lib/jetty-6.1.26.jar:/usr/local/hadoop-2.6.4/share/hadoop/common/lib/commons-cli-1.2.jar:/usr/local/hadoop-2.6.4/share/hadoop/common/lib/commons-beanutils-core-1.8.0.jar:/usr/local/hadoop-2.6.4/share/hadoop/common/lib/log4j-1.2.17.jar:/usr/local/hadoop-2.6.4/share/hadoop/common/lib/hadoop-annotations-2.6.4.jar:/usr/local/hadoop-2.6.4/share/hadoop/common/lib/protobuf-java-2.5.0.jar:/usr/local/hadoop-2.6.4/share/hadoop/common/lib/commons-compress-1.4.1.jar:/usr/local/hadoop-2.6.4/share/hadoop/common/lib/httpcore-4.2.5.jar:/usr/local/hadoop-2.6.4/share/hadoop/common/lib/junit-4.11.jar:/usr/local/hadoop-2.6.4/share/hadoop/common/hadoop-common-2.6.4-tests.jar:/usr/local/hadoop-2.6.4/share/hadoop/common/hadoop-nfs-2.6.4.jar:/usr/local/hadoop-2.6.4/share/hadoop/common/hadoop-common-2.6.4.jar:/usr/local/hadoop-2.6.4/share/hadoop/hdfs:/usr/local/hadoop-2.6.4/share/hadoop/hdfs/lib/jackson-core-asl-1.9.13.jar:/usr/local/hadoop-2.6.4/share/hadoop/hdfs/lib/commons-lang-2.6.jar:/usr/local/hadoop-2.6.4/share/hadoop/hdfs/lib/netty-3.6.2.Final.jar:/usr/local/hadoop-2.6.4/share/hadoop/hdfs/lib/commons-io-2.4.jar:/usr/local/hadoop-2.6.4/share/hadoop/hdfs/lib/xmlenc-0.52.jar:/usr/local/hadoop-2.6.4/share/hadoop/hdfs/lib/jetty-util-6.1.26.jar:/usr/local/hadoop-2.6.4/share/hadoop/hdfs/lib/commons-el-1.0.jar:/usr/local/hadoop-2.6.4/share/hadoop/hdfs/lib/commons-logging-1.1.3.jar:/usr/local/hadoop-2.6.4/share/hadoop/hdfs/lib/commons-daemon-1.0.13.jar:/usr/local/hadoop-2.6.4/share/hadoop/hdfs/lib/jersey-server-1.9.jar:/usr/local/hadoop-2.6.4/share/hadoop/hdfs/lib/xml-apis-1.3.04.jar:/usr/local/hadoop-2.6.4/share/hadoop/hdfs/lib/jasper-runtime-5.5.23.jar:/usr/local/hadoop-2.6.4/share/hadoop/hdfs/lib/servlet-api-2.5.jar:/usr/local/hadoop-2.6.4/share/hadoop/hdfs/lib/commons-codec-1.4.jar:/usr/local/hadoop-2.6.4/share/hadoop/hdfs/lib/htrace-core-3.0.4.jar:/usr/local/hadoop-2.6.4/share/hadoop/hdfs/lib/asm-3.2.jar:/usr/local/hadoop-2.6.4/share/hadoop/hdfs/lib/jersey-core-1.9.jar:/usr/local/hadoop-2.6.4/share/hadoop/hdfs/lib/jackson-mapper-asl-1.9.13.jar:/usr/local/hadoop-2.6.4/share/hadoop/hdfs/lib/jsp-api-2.1.jar:/usr/local/hadoop-2.6.4/share/hadoop/hdfs/lib/jsr305-1.3.9.jar:/usr/local/hadoop-2.6.4/share/hadoop/hdfs/lib/xercesImpl-2.9.1.jar:/usr/local/hadoop-2.6.4/share/hadoop/hdfs/lib/guava-11.0.2.jar:/usr/local/hadoop-2.6.4/share/hadoop/hdfs/lib/jetty-6.1.26.jar:/usr/local/hadoop-2.6.4/share/hadoop/hdfs/lib/commons-cli-1.2.jar:/usr/local/hadoop-2.6.4/share/hadoop/hdfs/lib/log4j-1.2.17.jar:/usr/local/hadoop-2.6.4/share/hadoop/hdfs/lib/protobuf-java-2.5.0.jar:/usr/local/hadoop-2.6.4/share/hadoop/hdfs/hadoop-hdfs-2.6.4.jar:/usr/local/hadoop-2.6.4/share/hadoop/hdfs/hadoop-hdfs-2.6.4-tests.jar:/usr/local/hadoop-2.6.4/share/hadoop/hdfs/hadoop-hdfs-nfs-2.6.4.jar:/usr/local/hadoop-2.6.4/share/hadoop/yarn/lib/jaxb-impl-2.2.3-1.jar:/usr/local/hadoop-2.6.4/share/hadoop/yarn/lib/commons-collections-3.2.2.jar:/usr/local/hadoop-2.6.4/share/hadoop/yarn/lib/jackson-core-asl-1.9.13.jar:/usr/local/hadoop-2.6.4/share/hadoop/yarn/lib/commons-lang-2.6.jar:/usr/local/hadoop-2.6.4/share/hadoop/yarn/lib/activation-1.1.jar:/usr/local/hadoop-2.6.4/share/hadoop/yarn/lib/jline-0.9.94.jar:/usr/local/hadoop-2.6.4/share/hadoop/yarn/lib/jersey-json-1.9.jar:/usr/local/hadoop-2.6.4/share/hadoop/yarn/lib/netty-3.6.2.Final.jar:/usr/local/hadoop-2.6.4/share/hadoop/yarn/lib/aopalliance-1.0.jar:/usr/local/hadoop-2.6.4/share/hadoop/yarn/lib/commons-io-2.4.jar:/usr/local/hadoop-2.6.4/share/hadoop/yarn/lib/jetty-util-6.1.26.jar:/usr/local/hadoop-2.6.4/share/hadoop/yarn/lib/jackson-jaxrs-1.9.13.jar:/usr/local/hadoop-2.6.4/share/hadoop/yarn/lib/jersey-client-1.9.jar:/usr/local/hadoop-2.6.4/share/hadoop/yarn/lib/jersey-guice-1.9.jar:/usr/local/hadoop-2.6.4/share/hadoop/yarn/lib/commons-logging-1.1.3.jar:/usr/local/hadoop-2.6.4/share/hadoop/yarn/lib/jersey-server-1.9.jar:/usr/local/hadoop-2.6.4/share/hadoop/yarn/lib/leveldbjni-all-1.8.jar:/usr/local/hadoop-2.6.4/share/hadoop/yarn/lib/servlet-api-2.5.jar:/usr/local/hadoop-2.6.4/share/hadoop/yarn/lib/commons-codec-1.4.jar:/usr/local/hadoop-2.6.4/share/hadoop/yarn/lib/xz-1.0.jar:/usr/local/hadoop-2.6.4/share/hadoop/yarn/lib/zookeeper-3.4.6.jar:/usr/local/hadoop-2.6.4/share/hadoop/yarn/lib/jaxb-api-2.2.2.jar:/usr/local/hadoop-2.6.4/share/hadoop/yarn/lib/asm-3.2.jar:/usr/local/hadoop-2.6.4/share/hadoop/yarn/lib/commons-httpclient-3.1.jar:/usr/local/hadoop-2.6.4/share/hadoop/yarn/lib/jersey-core-1.9.jar:/usr/local/hadoop-2.6.4/share/hadoop/yarn/lib/jettison-1.1.jar:/usr/local/hadoop-2.6.4/share/hadoop/yarn/lib/jackson-xc-1.9.13.jar:/usr/local/hadoop-2.6.4/share/hadoop/yarn/lib/jackson-mapper-asl-1.9.13.jar:/usr/local/hadoop-2.6.4/share/hadoop/yarn/lib/guice-3.0.jar:/usr/local/hadoop-2.6.4/share/hadoop/yarn/lib/jsr305-1.3.9.jar:/usr/local/hadoop-2.6.4/share/hadoop/yarn/lib/stax-api-1.0-2.jar:/usr/local/hadoop-2.6.4/share/hadoop/yarn/lib/guava-11.0.2.jar:/usr/local/hadoop-2.6.4/share/hadoop/yarn/lib/jetty-6.1.26.jar:/usr/local/hadoop-2.6.4/share/hadoop/yarn/lib/commons-cli-1.2.jar:/usr/local/hadoop-2.6.4/share/hadoop/yarn/lib/log4j-1.2.17.jar:/usr/local/hadoop-2.6.4/share/hadoop/yarn/lib/javax.inject-1.jar:/usr/local/hadoop-2.6.4/share/hadoop/yarn/lib/protobuf-java-2.5.0.jar:/usr/local/hadoop-2.6.4/share/hadoop/yarn/lib/guice-servlet-3.0.jar:/usr/local/hadoop-2.6.4/share/hadoop/yarn/lib/commons-compress-1.4.1.jar:/usr/local/hadoop-2.6.4/share/hadoop/yarn/hadoop-yarn-api-2.6.4.jar:/usr/local/hadoop-2.6.4/share/hadoop/yarn/hadoop-yarn-client-2.6.4.jar:/usr/local/hadoop-2.6.4/share/hadoop/yarn/hadoop-yarn-server-nodemanager-2.6.4.jar:/usr/local/hadoop-2.6.4/share/hadoop/yarn/hadoop-yarn-server-applicationhistoryservice-2.6.4.jar:/usr/local/hadoop-2.6.4/share/hadoop/yarn/hadoop-yarn-common-2.6.4.jar:/usr/local/hadoop-2.6.4/share/hadoop/yarn/hadoop-yarn-server-tests-2.6.4.jar:/usr/local/hadoop-2.6.4/share/hadoop/yarn/hadoop-yarn-server-web-proxy-2.6.4.jar:/usr/local/hadoop-2.6.4/share/hadoop/yarn/hadoop-yarn-server-common-2.6.4.jar:/usr/local/hadoop-2.6.4/share/hadoop/yarn/hadoop-yarn-applications-unmanaged-am-launcher-2.6.4.jar:/usr/local/hadoop-2.6.4/share/hadoop/yarn/hadoop-yarn-registry-2.6.4.jar:/usr/local/hadoop-2.6.4/share/hadoop/yarn/hadoop-yarn-applications-distributedshell-2.6.4.jar:/usr/local/hadoop-2.6.4/share/hadoop/yarn/hadoop-yarn-server-resourcemanager-2.6.4.jar:/usr/local/hadoop-2.6.4/share/hadoop/mapreduce/lib/jackson-core-asl-1.9.13.jar:/usr/local/hadoop-2.6.4/share/hadoop/mapreduce/lib/snappy-java-1.0.4.1.jar:/usr/local/hadoop-2.6.4/share/hadoop/mapreduce/lib/netty-3.6.2.Final.jar:/usr/local/hadoop-2.6.4/share/hadoop/mapreduce/lib/aopalliance-1.0.jar:/usr/local/hadoop-2.6.4/share/hadoop/mapreduce/lib/avro-1.7.4.jar:/usr/local/hadoop-2.6.4/share/hadoop/mapreduce/lib/paranamer-2.3.jar:/usr/local/hadoop-2.6.4/share/hadoop/mapreduce/lib/commons-io-2.4.jar:/usr/local/hadoop-2.6.4/share/hadoop/mapreduce/lib/jersey-guice-1.9.jar:/usr/local/hadoop-2.6.4/share/hadoop/mapreduce/lib/jersey-server-1.9.jar:/usr/local/hadoop-2.6.4/share/hadoop/mapreduce/lib/leveldbjni-all-1.8.jar:/usr/local/hadoop-2.6.4/share/hadoop/mapreduce/lib/xz-1.0.jar:/usr/local/hadoop-2.6.4/share/hadoop/mapreduce/lib/hamcrest-core-1.3.jar:/usr/local/hadoop-2.6.4/share/hadoop/mapreduce/lib/asm-3.2.jar:/usr/local/hadoop-2.6.4/share/hadoop/mapreduce/lib/jersey-core-1.9.jar:/usr/local/hadoop-2.6.4/share/hadoop/mapreduce/lib/jackson-mapper-asl-1.9.13.jar:/usr/local/hadoop-2.6.4/share/hadoop/mapreduce/lib/guice-3.0.jar:/usr/local/hadoop-2.6.4/share/hadoop/mapreduce/lib/log4j-1.2.17.jar:/usr/local/hadoop-2.6.4/share/hadoop/mapreduce/lib/javax.inject-1.jar:/usr/local/hadoop-2.6.4/share/hadoop/mapreduce/lib/hadoop-annotations-2.6.4.jar:/usr/local/hadoop-2.6.4/share/hadoop/mapreduce/lib/protobuf-java-2.5.0.jar:/usr/local/hadoop-2.6.4/share/hadoop/mapreduce/lib/guice-servlet-3.0.jar:/usr/local/hadoop-2.6.4/share/hadoop/mapreduce/lib/commons-compress-1.4.1.jar:/usr/local/hadoop-2.6.4/share/hadoop/mapreduce/lib/junit-4.11.jar:/usr/local/hadoop-2.6.4/share/hadoop/mapreduce/hadoop-mapreduce-client-jobclient-2.6.4.jar:/usr/local/hadoop-2.6.4/share/hadoop/mapreduce/hadoop-mapreduce-client-hs-plugins-2.6.4.jar:/usr/local/hadoop-2.6.4/share/hadoop/mapreduce/hadoop-mapreduce-client-jobclient-2.6.4-tests.jar:/usr/local/hadoop-2.6.4/share/hadoop/mapreduce/hadoop-mapreduce-client-core-2.6.4.jar:/usr/local/hadoop-2.6.4/share/hadoop/mapreduce/hadoop-mapreduce-client-shuffle-2.6.4.jar:/usr/local/hadoop-2.6.4/share/hadoop/mapreduce/hadoop-mapreduce-examples-2.6.4.jar:/usr/local/hadoop-2.6.4/share/hadoop/mapreduce/hadoop-mapreduce-client-hs-2.6.4.jar:/usr/local/hadoop-2.6.4/share/hadoop/mapreduce/hadoop-mapreduce-client-app-2.6.4.jar:/usr/local/hadoop-2.6.4/share/hadoop/mapreduce/hadoop-mapreduce-client-common-2.6.4.jar:/contrib/capacity-scheduler/*.jar:/contrib/capacity-scheduler/*.jar:/contrib/capacity-scheduler/*.jar
STARTUP_MSG:   build = https://git-wip-us.apache.org/repos/asf/hadoop.git -r 5082c73637530b0b7e115f9625ed7fac69f937e6; compiled by 'jenkins' on 2016-02-12T09:45Z
STARTUP_MSG:   java = 1.7.0_79
************************************************************/
2016-02-19 14:04:13,207 INFO org.apache.hadoop.hdfs.server.namenode.SecondaryNameNode: registered UNIX signal handlers for [TERM, HUP, INT]
2016-02-19 14:04:13,923 INFO org.apache.hadoop.metrics2.impl.MetricsConfig: loaded properties from hadoop-metrics2.properties
2016-02-19 14:04:14,009 INFO org.apache.hadoop.metrics2.impl.MetricsSystemImpl: Scheduled snapshot period at 10 second(s).
2016-02-19 14:04:14,009 INFO org.apache.hadoop.metrics2.impl.MetricsSystemImpl: SecondaryNameNode metrics system started
2016-02-19 14:04:14,226 INFO org.apache.hadoop.hdfs.server.common.Storage: Lock on /tmp/hadoop-jon/dfs/namesecondary/in_use.lock acquired by nodename 26134@ubuntu
2016-02-19 14:04:14,231 INFO org.apache.hadoop.hdfs.server.namenode.FSNamesystem: No KeyProvider found.
2016-02-19 14:04:14,238 INFO org.apache.hadoop.hdfs.server.namenode.FSNamesystem: fsLock is fair:true
2016-02-19 14:04:14,273 INFO org.apache.hadoop.hdfs.server.blockmanagement.DatanodeManager: dfs.block.invalidate.limit=1000
2016-02-19 14:04:14,273 INFO org.apache.hadoop.hdfs.server.blockmanagement.DatanodeManager: dfs.namenode.datanode.registration.ip-hostname-check=true
2016-02-19 14:04:14,274 INFO org.apache.hadoop.hdfs.server.blockmanagement.BlockManager: dfs.namenode.startup.delay.block.deletion.sec is set to 000:00:00:00.000
2016-02-19 14:04:14,275 INFO org.apache.hadoop.hdfs.server.blockmanagement.BlockManager: The block deletion will start around 2016 Feb 19 14:04:14
2016-02-19 14:04:14,277 INFO org.apache.hadoop.util.GSet: Computing capacity for map BlocksMap
2016-02-19 14:04:14,277 INFO org.apache.hadoop.util.GSet: VM type       = 64-bit
2016-02-19 14:04:14,278 INFO org.apache.hadoop.util.GSet: 2.0% max memory 889 MB = 17.8 MB
2016-02-19 14:04:14,279 INFO org.apache.hadoop.util.GSet: capacity      = 2^21 = 2097152 entries
2016-02-19 14:04:14,291 INFO org.apache.hadoop.hdfs.server.blockmanagement.BlockManager: dfs.block.access.token.enable=false
2016-02-19 14:04:14,292 INFO org.apache.hadoop.hdfs.server.blockmanagement.BlockManager: defaultReplication         = 1
2016-02-19 14:04:14,292 INFO org.apache.hadoop.hdfs.server.blockmanagement.BlockManager: maxReplication             = 512
2016-02-19 14:04:14,292 INFO org.apache.hadoop.hdfs.server.blockmanagement.BlockManager: minReplication             = 1
2016-02-19 14:04:14,292 INFO org.apache.hadoop.hdfs.server.blockmanagement.BlockManager: maxReplicationStreams      = 2
2016-02-19 14:04:14,292 INFO org.apache.hadoop.hdfs.server.blockmanagement.BlockManager: replicationRecheckInterval = 3000
2016-02-19 14:04:14,292 INFO org.apache.hadoop.hdfs.server.blockmanagement.BlockManager: encryptDataTransfer        = false
2016-02-19 14:04:14,292 INFO org.apache.hadoop.hdfs.server.blockmanagement.BlockManager: maxNumBlocksToLog          = 1000
2016-02-19 14:04:14,292 INFO org.apache.hadoop.hdfs.server.namenode.FSNamesystem: fsOwner             = jon (auth:SIMPLE)
2016-02-19 14:04:14,292 INFO org.apache.hadoop.hdfs.server.namenode.FSNamesystem: supergroup          = supergroup
2016-02-19 14:04:14,292 INFO org.apache.hadoop.hdfs.server.namenode.FSNamesystem: isPermissionEnabled = true
2016-02-19 14:04:14,293 INFO org.apache.hadoop.hdfs.server.namenode.FSNamesystem: HA Enabled: false
2016-02-19 14:04:14,300 INFO org.apache.hadoop.hdfs.server.namenode.FSNamesystem: Append Enabled: true
2016-02-19 14:04:14,471 INFO org.apache.hadoop.util.GSet: Computing capacity for map INodeMap
2016-02-19 14:04:14,471 INFO org.apache.hadoop.util.GSet: VM type       = 64-bit
2016-02-19 14:04:14,471 INFO org.apache.hadoop.util.GSet: 1.0% max memory 889 MB = 8.9 MB
2016-02-19 14:04:14,471 INFO org.apache.hadoop.util.GSet: capacity      = 2^20 = 1048576 entries
2016-02-19 14:04:14,472 INFO org.apache.hadoop.hdfs.server.namenode.NameNode: Caching file names occuring more than 10 times
2016-02-19 14:04:14,480 INFO org.apache.hadoop.util.GSet: Computing capacity for map cachedBlocks
2016-02-19 14:04:14,480 INFO org.apache.hadoop.util.GSet: VM type       = 64-bit
2016-02-19 14:04:14,480 INFO org.apache.hadoop.util.GSet: 0.25% max memory 889 MB = 2.2 MB
2016-02-19 14:04:14,480 INFO org.apache.hadoop.util.GSet: capacity      = 2^18 = 262144 entries
2016-02-19 14:04:14,482 INFO org.apache.hadoop.hdfs.server.namenode.FSNamesystem: dfs.namenode.safemode.threshold-pct = 0.9990000128746033
2016-02-19 14:04:14,482 INFO org.apache.hadoop.hdfs.server.namenode.FSNamesystem: dfs.namenode.safemode.min.datanodes = 0
2016-02-19 14:04:14,482 INFO org.apache.hadoop.hdfs.server.namenode.FSNamesystem: dfs.namenode.safemode.extension     = 30000
2016-02-19 14:04:14,484 INFO org.apache.hadoop.hdfs.server.namenode.NNConf: ACLs enabled? false
2016-02-19 14:04:14,485 INFO org.apache.hadoop.hdfs.server.namenode.NNConf: XAttrs enabled? true
2016-02-19 14:04:14,485 INFO org.apache.hadoop.hdfs.server.namenode.NNConf: Maximum size of an xattr: 16384
2016-02-19 14:04:14,496 INFO org.apache.hadoop.hdfs.DFSUtil: Starting Web-server for secondary at: http://0.0.0.0:50090
2016-02-19 14:04:14,557 INFO org.mortbay.log: Logging to org.slf4j.impl.Log4jLoggerAdapter(org.mortbay.log) via org.mortbay.log.Slf4jLog
2016-02-19 14:04:14,561 INFO org.apache.hadoop.http.HttpRequestLog: Http request log for http.requests.secondary is not defined
2016-02-19 14:04:14,573 INFO org.apache.hadoop.http.HttpServer2: Added global filter 'safety' (class=org.apache.hadoop.http.HttpServer2$QuotingInputFilter)
2016-02-19 14:04:14,575 INFO org.apache.hadoop.http.HttpServer2: Added filter static_user_filter (class=org.apache.hadoop.http.lib.StaticUserWebFilter$StaticUserFilter) to context secondary
2016-02-19 14:04:14,575 INFO org.apache.hadoop.http.HttpServer2: Added filter static_user_filter (class=org.apache.hadoop.http.lib.StaticUserWebFilter$StaticUserFilter) to context static
2016-02-19 14:04:14,575 INFO org.apache.hadoop.http.HttpServer2: Added filter static_user_filter (class=org.apache.hadoop.http.lib.StaticUserWebFilter$StaticUserFilter) to context logs
2016-02-19 14:04:14,593 INFO org.apache.hadoop.http.HttpServer2: Jetty bound to port 50090
2016-02-19 14:04:14,593 INFO org.mortbay.log: jetty-6.1.26
2016-02-19 14:04:14,779 INFO org.mortbay.log: Started HttpServer2$SelectChannelConnectorWithSafeStartup@0.0.0.0:50090
2016-02-19 14:04:14,779 INFO org.apache.hadoop.hdfs.server.namenode.SecondaryNameNode: Web server init done
2016-02-19 14:04:14,786 INFO org.apache.hadoop.hdfs.server.namenode.SecondaryNameNode: Checkpoint Period   :3600 secs (60 min)
2016-02-19 14:04:14,786 INFO org.apache.hadoop.hdfs.server.namenode.SecondaryNameNode: Log Size Trigger    :1000000 txns
2016-02-19 14:05:15,079 INFO org.apache.hadoop.hdfs.server.namenode.SecondaryNameNode: Image has changed. Downloading updated image from NN.
2016-02-19 14:05:15,956 INFO org.apache.hadoop.hdfs.server.namenode.TransferFsImage: Opening connection to http://localhost:50070/imagetransfer?getimage=1&txid=0&storageInfo=-60:1424279618:0:CID-cd46a303-c7f2-43d7-983d-4e4d3af408f9
2016-02-19 14:05:16,134 INFO org.apache.hadoop.hdfs.server.namenode.TransferFsImage: Image Transfer timeout configured to 60000 milliseconds
2016-02-19 14:05:16,856 INFO org.apache.hadoop.hdfs.server.namenode.TransferFsImage: Transfer took 0.10s at 0.00 KB/s
2016-02-19 14:05:16,856 INFO org.apache.hadoop.hdfs.server.namenode.TransferFsImage: Downloaded file fsimage.ckpt_0000000000000000000 size 350 bytes.
2016-02-19 14:05:16,866 INFO org.apache.hadoop.hdfs.server.namenode.TransferFsImage: Opening connection to http://localhost:50070/imagetransfer?getedit=1&startTxId=1&endTxId=48&storageInfo=-60:1424279618:0:CID-cd46a303-c7f2-43d7-983d-4e4d3af408f9
2016-02-19 14:05:16,871 INFO org.apache.hadoop.hdfs.server.namenode.TransferFsImage: Transfer took 0.00s at 2000.00 KB/s
2016-02-19 14:05:16,871 INFO org.apache.hadoop.hdfs.server.namenode.TransferFsImage: Downloaded file edits_tmp_0000000000000000001-0000000000000000048_0000000000004672478 size 0 bytes.
2016-02-19 14:05:16,969 INFO org.apache.hadoop.hdfs.server.namenode.FSImageFormatPBINode: Loading 1 INodes.
2016-02-19 14:05:17,045 INFO org.apache.hadoop.hdfs.server.namenode.FSImageFormatProtobuf: Loaded FSImage in 0 seconds.
2016-02-19 14:05:17,047 INFO org.apache.hadoop.hdfs.server.namenode.FSImage: Loaded image for txid 0 from /tmp/hadoop-jon/dfs/namesecondary/current/fsimage_0000000000000000000
2016-02-19 14:05:17,047 INFO org.apache.hadoop.hdfs.server.namenode.NameCache: initialized with 0 entries 0 lookups
2016-02-19 14:05:17,068 INFO org.apache.hadoop.hdfs.server.namenode.Checkpointer: Checkpointer about to load edits from 1 stream(s).
2016-02-19 14:05:17,075 INFO org.apache.hadoop.hdfs.server.namenode.FSImage: Reading /tmp/hadoop-jon/dfs/namesecondary/current/edits_0000000000000000001-0000000000000000048 expecting start txid #1
2016-02-19 14:05:17,075 INFO org.apache.hadoop.hdfs.server.namenode.FSImage: Start loading edits file /tmp/hadoop-jon/dfs/namesecondary/current/edits_0000000000000000001-0000000000000000048
2016-02-19 14:05:17,178 INFO org.apache.hadoop.hdfs.server.namenode.FSImage: Edits file /tmp/hadoop-jon/dfs/namesecondary/current/edits_0000000000000000001-0000000000000000048 of size 4591 edits # 48 loaded in 0 seconds
2016-02-19 14:05:17,240 INFO org.apache.hadoop.hdfs.server.namenode.FSImageTransactionalStorageInspector: No version file in /tmp/hadoop-jon/dfs/namesecondary
2016-02-19 14:05:17,302 INFO org.apache.hadoop.hdfs.server.namenode.TransferFsImage: Uploaded image with txid 48 to namenode at http://localhost:50070 in 0.05 seconds
2016-02-19 14:05:17,302 WARN org.apache.hadoop.hdfs.server.namenode.SecondaryNameNode: Checkpoint done. New Image Size: 1510
2016-02-19 15:05:09,690 ERROR org.apache.hadoop.hdfs.server.namenode.SecondaryNameNode: RECEIVED SIGNAL 15: SIGTERM
2016-02-19 15:05:09,777 INFO org.apache.hadoop.hdfs.server.namenode.SecondaryNameNode: SHUTDOWN_MSG: 
/************************************************************
SHUTDOWN_MSG: Shutting down SecondaryNameNode at ubuntu/127.0.1.1
************************************************************/
